Removed Pin From Net: NetName=5v Pin=H1-1
Removed Pin From Net: NetName=GND Pin=H2-1
Removed Pin From Net: NetName=5v Pin=H3-1
Removed Pin From Net: NetName=GND Pin=H4-1
Removed Pin From Net: NetName=5v Pin=H5-1
Removed Pin From Net: NetName=GND Pin=H6-1
Removed Pin From Net: NetName=5v Pin=H7-1
Removed Pin From Net: NetName=GND Pin=H8-1
Removed Member From Class: ClassName=Control_IR_Raspberry Member=H1
Removed Member From Class: ClassName=Control_IR_Raspberry Member=H2
Removed Member From Class: ClassName=Control_IR_Raspberry Member=H3
Removed Member From Class: ClassName=Control_IR_Raspberry Member=H4
Removed Member From Class: ClassName=Control_IR_Raspberry Member=H5
Removed Member From Class: ClassName=Control_IR_Raspberry Member=H6
Removed Member From Class: ClassName=Control_IR_Raspberry Member=H7
Removed Member From Class: ClassName=Control_IR_Raspberry Member=H8
Added Component: Designator=P1(HDR2X6)
Add component (AddParameter): Name = "LatestRevisionDate"; Value = "17-Jul-2002"; VariantName = "[No Variations]"
Add component (AddParameter): Name = "LatestRevisionNote"; Value = "Re-released for DXP Platform."; VariantName = "[No Variations]"
Add component (AddParameter): Name = "Publisher"; Value = "Altium Limited"; VariantName = "[No Variations]"
Added Pin To Net: NetName=5v Pin=P1-1
Added Pin To Net: NetName=GND Pin=P1-2
Added Pin To Net: NetName=5v Pin=P1-3
Added Pin To Net: NetName=GND Pin=P1-4
Added Pin To Net: NetName=5v Pin=P1-5
Added Pin To Net: NetName=GND Pin=P1-6
Added Pin To Net: NetName=3v3 Pin=P1-7
Added Pin To Net: NetName=GND Pin=P1-8
Added Pin To Net: NetName=3v3 Pin=P1-9
Added Pin To Net: NetName=GND Pin=P1-10
Added Pin To Net: NetName=3v3 Pin=P1-11
Added Pin To Net: NetName=GND Pin=P1-12
Added Member To Class: ClassName=Control_IR_Raspberry Member=Component P1 Header 6X2
Added Room: Name=Control_IR_Raspberry
